<?xml version="1.0" encoding="UTF-8"?>
<!-- Generated by org.testng.reporters.JUnitReportReporter -->
<testsuite hostname="LAPTOP-76PGCCB3" failures="0" tests="1" name="com.shwetabh.docker.VerifyTitleinChrome2" time="4.994" errors="0" timestamp="23 Sep 2022 12:21:10 GMT" skipped="0">
  <testcase classname="com.shwetabh.docker.VerifyTitleinChrome2" name="googleSearch" time="4.994"/>
</testsuite> <!-- com.shwetabh.docker.VerifyTitleinChrome2 -->
